{
  message: 'Application app listening on port 5000',
  level: 'info',
  label: 'UNIVERSITY MANAGEMENT APPLICATIONS LOGGER',
  timestamp: '2023-07-03T16:20:38.650Z'
}
{
  message: 'Application app listening on port 5000',
  level: 'info',
  label: 'UNIVERSITY MANAGEMENT APPLICATIONS LOGGER',
  timestamp: '2023-07-03T16:25:08.271Z'
}
{
  message: 'Application app listening on port 5000',
  level: 'info',
  label: 'UNIVERSITY MANAGEMENT APPLICATIONS LOGGER',
  timestamp: '2023-07-03T16:33:53.885Z'
}
{
  message: 'Application app listening on port 5000',
  level: 'info',
  label: 'UNIVERSITY MANAGEMENT APPLICATIONS LOGGER',
  timestamp: '2023-07-03T16:44:44.590Z'
}
